<?xml version="1.0" encoding="UTF-8"?>
<!-- Generated by org.testng.reporters.JUnitXMLReporter -->
<testsuite hostname="LAPTOP-QS2T60H5" ignored="0" name="Test-1" tests="2" failures="0" timestamp="2020-09-22T21:45:02 EDT" time="11.416" errors="0">
  <testcase name="testOne" time="9.18" classname="Test.AmazonTest"/>
  <testcase name="loginMethod" time="2.179" classname="Test.NewToursTest"/>
</testsuite> <!-- Test-1 -->
