<?xml version="1.0" encoding="UTF-8"?>
<!-- Generated by org.testng.reporters.JUnitReportReporter -->
<testsuite skipped="0" hostname="LAPTOP-QS2T60H5" name="Test.NewToursTest" tests="1" failures="0" timestamp="2020-09-22T21:45:03 EDT" time="2.179" errors="0">
  <testcase name="loginMethod" time="2.179" classname="Test.NewToursTest"/>
  <system-out/>
</testsuite> <!-- Test.NewToursTest -->
