<?xml version="1.0" encoding="UTF-8"?>
<!-- Generated by org.testng.reporters.JUnitReportReporter -->
<testsuite skipped="0" hostname="LAPTOP-QS2T60H5" name="Test.AmazonTest" tests="1" failures="0" timestamp="2020-09-22T21:45:03 EDT" time="9.180" errors="0">
  <testcase name="testOne" time="9.180" classname="Test.AmazonTest"/>
  <system-out/>
</testsuite> <!-- Test.AmazonTest -->
